Determining if the pthread_create exist failed with the following output:
Change Dir: /home/emastec/jetson-inference/build/CMakeFiles/CMakeTmp

Run Build Command:"/usr/bin/make" "cmTC_acd0b/fast"
/usr/bin/make -f CMakeFiles/cmTC_acd0b.dir/build.make CMakeFiles/cmTC_acd0b.dir/build
make[1]: Entering directory '/home/emastec/jetson-inference/build/CMakeFiles/CMakeTmp'
Building C object CMakeFiles/cmTC_acd0b.dir/CheckSymbolExists.c.o
/usr/bin/cc   -fPIC    -o CMakeFiles/cmTC_acd0b.dir/CheckSymbolExists.c.o   -c /home/emastec/jetson-inference/build/CMakeFiles/CMakeTmp/CheckSymbolExists.c
Linking C executable cmTC_acd0b
/usr/bin/cmake -E cmake_link_script CMakeFiles/cmTC_acd0b.dir/link.txt --verbose=1
/usr/bin/cc -fPIC     -rdynamic CMakeFiles/cmTC_acd0b.dir/CheckSymbolExists.c.o  -o cmTC_acd0b 
CMakeFiles/cmTC_acd0b.dir/CheckSymbolExists.c.o: In function `main':
CheckSymbolExists.c:(.text+0x14): undefined reference to `pthread_create'
CheckSymbolExists.c:(.text+0x18): undefined reference to `pthread_create'
collect2: error: ld returned 1 exit status
CMakeFiles/cmTC_acd0b.dir/build.make:97: recipe for target 'cmTC_acd0b' failed
make[1]: *** [cmTC_acd0b] Error 1
make[1]: Leaving directory '/home/emastec/jetson-inference/build/CMakeFiles/CMakeTmp'
Makefile:126: recipe for target 'cmTC_acd0b/fast' failed
make: *** [cmTC_acd0b/fast] Error 2

File /home/emastec/jetson-inference/build/CMakeFiles/CMakeTmp/CheckSymbolExists.c:
/* */
#include <pthread.h>

int main(int argc, char** argv)
{
  (void)argv;
#ifndef pthread_create
  return ((int*)(&pthread_create))[argc];
#else
  (void)argc;
  return 0;
#endif
}

Determining if the function pthread_create exists in the pthreads failed with the following output:
Change Dir: /home/emastec/jetson-inference/build/CMakeFiles/CMakeTmp

Run Build Command:"/usr/bin/make" "cmTC_75040/fast"
/usr/bin/make -f CMakeFiles/cmTC_75040.dir/build.make CMakeFiles/cmTC_75040.dir/build
make[1]: Entering directory '/home/emastec/jetson-inference/build/CMakeFiles/CMakeTmp'
Building C object CMakeFiles/cmTC_75040.dir/CheckFunctionExists.c.o
/usr/bin/cc   -fPIC -DCHECK_FUNCTION_EXISTS=pthread_create   -o CMakeFiles/cmTC_75040.dir/CheckFunctionExists.c.o   -c /usr/share/cmake-3.10/Modules/CheckFunctionExists.c
Linking C executable cmTC_75040
/usr/bin/cmake -E cmake_link_script CMakeFiles/cmTC_75040.dir/link.txt --verbose=1
/usr/bin/cc -fPIC -DCHECK_FUNCTION_EXISTS=pthread_create    -rdynamic CMakeFiles/cmTC_75040.dir/CheckFunctionExists.c.o  -o cmTC_75040 -lpthreads 
/usr/bin/ld: cannot find -lpthreads
collect2: error: ld returned 1 exit status
CMakeFiles/cmTC_75040.dir/build.make:97: recipe for target 'cmTC_75040' failed
make[1]: *** [cmTC_75040] Error 1
make[1]: Leaving directory '/home/emastec/jetson-inference/build/CMakeFiles/CMakeTmp'
Makefile:126: recipe for target 'cmTC_75040/fast' failed
make: *** [cmTC_75040/fast] Error 2


